@0
0A
@1
71
@2
0B
@3
73
@4
0A
@5
73
@6
0B
@7
09
@8
0A
@9
6E
@a
0B
@b
0D
@c
0A
@d
6E
@e
0B
@f
74
@10
0A
@11
73
@12
05
@13
6F
@14
0B
@15
17
@16
0A
@17
6E
@18
0B
@19
1B
@1a
0A
@1b
6E
@1c
0B
@1d
75
@1e
0A
@1f
73
@20
05
@21
70
@22
0B
@23
73
@24
0A
@25
6E
@26
0B
@27
76
@28
0A
@29
74
@2a
0F
@2b
32
@2c
0A
@2d
6E
@2e
0B
@2f
79
@30
0D
@31
36
@32
0A
@33
6F
@34
0B
@35
79
@36
0A
@37
74
@38
0B
@39
78
@3a
0A
@3b
76
@3c
06
@3d
6F
@3e
0B
@3f
76
@40
0F
@41
4C
@42
0A
@43
75
@44
06
@45
6F
@46
0B
@47
75
@48
0F
@49
54
@4a
0D
@4b
66
@4c
00
@4d
6E
@4e
00
@4f
6E
@50
00
@51
6E
@52
00
@53
6E
@54
0A
@55
78
@56
06
@57
6F
@58
0B
@59
78
@5a
0F
@5b
3A
@5c
0A
@5d
77
@5e
01
@5f
79
@60
0C
@61
77
@62
0B
@63
77
@64
0D
@65
36
@66
0A
@67
73
@68
05
@69
72
@6a
0E
@6b
04
@6c
0D
@6d
00
@6e
00
@6f
01
@70
02
@71
90
@72
05
@73
00
@74
00
@75
00
@76
00
@77
00
@78
00
@79
00
@7a
CA
@7b
BF
@7c
AA
@7d
97
@7e
87
@7f
7F
@80
71
@81
64
@82
5F
@83
55
@84
4B
@85
43
@86
3F
@87
38
@88
32
@89
2F
@8a
2A
@8b
00
@8c
14
@8d
28
@8e
50
@8f
A0
@90
88
@91
8D
@92
86
@93
8D
@94
83
@95
8D
@96
81
@97
8D
@98
7F
@99
8D
@9a
81
@9b
8D
@9c
84
@9d
8D
@9e
81
@9f
8D
@a0
83
@a1
8D
@a2
84
@a3
8D
@a4
7D
@a5
8D
@a6
81
@a7
8D
@a8
83
@a9
8E
@aa
7C
@ab
8E
@ac
88
@ad
8D
@ae
86
@af
8D
@b0
83
@b1
8D
@b2
81
@b3
8D
@b4
7F
@b5
8D
@b6
81
@b7
8D
@b8
84
@b9
8D
@ba
81
@bb
8D
@bc
83
@bd
8D
@be
84
@bf
8D
@c0
7C
@c1
8D
@c2
85
@c3
8D
@c4
86
@c5
8E
@c6
7C
@c7
8E
@c8
88
@c9
8D
@ca
8A
@cb
8D
@cc
81
@cd
8D
@ce
88
@cf
8D
@d0
86
@d1
8D
@d2
88
@d3
8D
@d4
81
@d5
8D
@d6
86
@d7
8D
@d8
83
@d9
8E
@da
81
@db
8E
@dc
84
@dd
8E
@de
81
@df
8E
@e0
88
@e1
8D
@e2
8A
@e3
8D
@e4
81
@e5
8D
@e6
88
@e7
8D
@e8
86
@e9
8D
@ea
88
@eb
8D
@ec
81
@ed
8D
@ee
86
@ef
8D
@f0
83
@f1
8E
@f2
86
@f3
8D
@f4
85
@f5
8D
@f6
86
@f7
8E
@f8
7C
@f9
8E
@fa
8B
@fb
8F
@fc
00
@fd
00
@fe
00
@ff
00
